0 verbose cli C:\Program Files\nodejs\node.exe C:\Program Files\nodejs\node_modules\npm\bin\npm-cli.js
1 info using npm@11.9.0
2 info using node@v24.14.0
3 silly config load:file:C:\Program Files\nodejs\node_modules\npm\npmrc
4 silly config load:file:C:\Users\USER\Documents\Projects\vemrehr\frontend\.npmrc
5 silly config load:file:C:\Users\USER\.npmrc
6 silly config load:file:C:\Users\USER\AppData\Roaming\npm\etc\npmrc
7 verbose title npm install
8 verbose argv "install"
9 verbose logfile logs-max:10 dir:C:\Users\USER\Documents\Projects\vemrehr\output\npm-cache\_logs\2026-03-16T14_40_10_102Z-
10 verbose logfile C:\Users\USER\Documents\Projects\vemrehr\output\npm-cache\_logs\2026-03-16T14_40_10_102Z-debug-0.log
11 silly logfile start cleaning logs, removing 1 files
12 silly packumentCache heap:4496293888 maxSize:1124073472 maxEntrySize:562036736
13 silly logfile done cleaning log files
14 silly idealTree buildDeps
15 silly fetch manifest @capacitor/local-notifications@^8.0.2
16 silly packumentCache full:https://registry.npmjs.org/@capacitor%2flocal-notifications cache-miss
17 http cache https://registry.npmjs.org/@capacitor%2flocal-notifications 391ms (cache hit)
18 silly packumentCache full:https://registry.npmjs.org/@capacitor%2flocal-notifications set size:4561934 disposed:false
19 silly fetch manifest @capacitor/core@^8.2.0
20 silly packumentCache full:https://registry.npmjs.org/@capacitor%2fcore cache-miss
21 http cache https://registry.npmjs.org/@capacitor%2fcore 120ms (cache hit)
22 silly packumentCache full:https://registry.npmjs.org/@capacitor%2fcore set size:4195747 disposed:false
23 silly placeDep ROOT @capacitor/local-notifications@8.0.2 OK for: vemrehr-frontend@0.0.0 want: ^8.0.2
24 silly reify moves {}
25 silly audit bulk request {
25 silly audit   '@alloc/quick-lru': [ '5.2.0' ],
25 silly audit   '@babel/code-frame': [ '7.27.1' ],
25 silly audit   '@babel/compat-data': [ '7.28.4' ],
25 silly audit   '@babel/core': [ '7.28.4' ],
25 silly audit   '@babel/generator': [ '7.28.3' ],
25 silly audit   '@babel/helper-compilation-targets': [ '7.27.2' ],
25 silly audit   '@babel/helper-globals': [ '7.28.0' ],
25 silly audit   '@babel/helper-module-imports': [ '7.27.1' ],
25 silly audit   '@babel/helper-module-transforms': [ '7.28.3' ],
25 silly audit   '@babel/helper-plugin-utils': [ '7.27.1' ],
25 silly audit   '@babel/helper-string-parser': [ '7.27.1' ],
25 silly audit   '@babel/helper-validator-identifier': [ '7.27.1' ],
25 silly audit   '@babel/helper-validator-option': [ '7.27.1' ],
25 silly audit   '@babel/helpers': [ '7.28.4' ],
25 silly audit   '@babel/parser': [ '7.28.4' ],
25 silly audit   '@babel/plugin-transform-react-jsx-self': [ '7.27.1' ],
25 silly audit   '@babel/plugin-transform-react-jsx-source': [ '7.27.1' ],
25 silly audit   '@babel/template': [ '7.27.2' ],
25 silly audit   '@babel/traverse': [ '7.28.4' ],
25 silly audit   '@babel/types': [ '7.28.4' ],
25 silly audit   '@capacitor/android': [ '8.2.0' ],
25 silly audit   '@capacitor/core': [ '8.2.0' ],
25 silly audit   '@esbuild/aix-ppc64': [ '0.21.5' ],
25 silly audit   '@esbuild/android-arm': [ '0.21.5' ],
25 silly audit   '@esbuild/android-arm64': [ '0.21.5' ],
25 silly audit   '@esbuild/android-x64': [ '0.21.5' ],
25 silly audit   '@esbuild/darwin-arm64': [ '0.21.5' ],
25 silly audit   '@esbuild/darwin-x64': [ '0.21.5' ],
25 silly audit   '@esbuild/freebsd-arm64': [ '0.21.5' ],
25 silly audit   '@esbuild/freebsd-x64': [ '0.21.5' ],
25 silly audit   '@esbuild/linux-arm': [ '0.21.5' ],
25 silly audit   '@esbuild/linux-arm64': [ '0.21.5' ],
25 silly audit   '@esbuild/linux-ia32': [ '0.21.5' ],
25 silly audit   '@esbuild/linux-loong64': [ '0.21.5' ],
25 silly audit   '@esbuild/linux-mips64el': [ '0.21.5' ],
25 silly audit   '@esbuild/linux-ppc64': [ '0.21.5' ],
25 silly audit   '@esbuild/linux-riscv64': [ '0.21.5' ],
25 silly audit   '@esbuild/linux-s390x': [ '0.21.5' ],
25 silly audit   '@esbuild/linux-x64': [ '0.21.5' ],
25 silly audit   '@esbuild/netbsd-x64': [ '0.21.5' ],
25 silly audit   '@esbuild/openbsd-x64': [ '0.21.5' ],
25 silly audit   '@esbuild/sunos-x64': [ '0.21.5' ],
25 silly audit   '@esbuild/win32-arm64': [ '0.21.5' ],
25 silly audit   '@esbuild/win32-ia32': [ '0.21.5' ],
25 silly audit   '@esbuild/win32-x64': [ '0.21.5' ],
25 silly audit   '@eslint-community/eslint-utils': [ '4.7.0' ],
25 silly audit   '@eslint-community/regexpp': [ '4.12.1' ],
25 silly audit   '@eslint/eslintrc': [ '2.1.4' ],
25 silly audit   '@eslint/js': [ '8.57.1' ],
25 silly audit   '@humanwhocodes/config-array': [ '0.13.0' ],
25 silly audit   '@humanwhocodes/module-importer': [ '1.0.1' ],
25 silly audit   '@humanwhocodes/object-schema': [ '2.0.3' ],
25 silly audit   '@isaacs/cliui': [ '8.0.2' ],
25 silly audit   'ansi-regex': [ '6.2.2', '5.0.1' ],
25 silly audit   'strip-ansi': [ '7.1.2', '6.0.1' ],
25 silly audit   '@jridgewell/gen-mapping': [ '0.3.13' ],
25 silly audit   '@jridgewell/remapping': [ '2.3.5' ],
25 silly audit   '@jridgewell/resolve-uri': [ '3.1.2' ],
25 silly audit   '@jridgewell/sourcemap-codec': [ '1.5.5' ],
25 silly audit   '@jridgewell/trace-mapping': [ '0.3.31' ],
25 silly audit   '@kurkle/color': [ '0.3.4' ],
25 silly audit   '@nodelib/fs.scandir': [ '2.1.5' ],
25 silly audit   '@nodelib/fs.stat': [ '2.0.5' ],
25 silly audit   '@nodelib/fs.walk': [ '1.2.8' ],
25 silly audit   '@pkgjs/parseargs': [ '0.11.0' ],
25 silly audit   '@remix-run/router': [ '1.23.2' ],
25 silly audit   '@rollup/rollup-android-arm-eabi': [ '4.57.1' ],
25 silly audit   '@rollup/rollup-android-arm64': [ '4.57.1' ],
25 silly audit   '@rollup/rollup-darwin-arm64': [ '4.57.1' ],
25 silly audit   '@rollup/rollup-darwin-x64': [ '4.57.1' ],
25 silly audit   '@rollup/rollup-freebsd-arm64': [ '4.57.1' ],
25 silly audit   '@rollup/rollup-freebsd-x64': [ '4.57.1' ],
25 silly audit   '@rollup/rollup-linux-arm-gnueabihf': [ '4.57.1' ],
25 silly audit   '@rollup/rollup-linux-arm-musleabihf': [ '4.57.1' ],
25 silly audit   '@rollup/rollup-linux-arm64-gnu': [ '4.57.1' ],
25 silly audit   '@rollup/rollup-linux-arm64-musl': [ '4.57.1' ],
25 silly audit   '@rollup/rollup-linux-loong64-gnu': [ '4.57.1' ],
25 silly audit   '@rollup/rollup-linux-loong64-musl': [ '4.57.1' ],
25 silly audit   '@rollup/rollup-linux-ppc64-gnu': [ '4.57.1' ],
25 silly audit   '@rollup/rollup-linux-ppc64-musl': [ '4.57.1' ],
25 silly audit   '@rollup/rollup-linux-riscv64-gnu': [ '4.57.1' ],
25 silly audit   '@rollup/rollup-linux-riscv64-musl': [ '4.57.1' ],
25 silly audit   '@rollup/rollup-linux-s390x-gnu': [ '4.57.1' ],
25 silly audit   '@rollup/rollup-linux-x64-gnu': [ '4.57.1' ],
25 silly audit   '@rollup/rollup-linux-x64-musl': [ '4.57.1' ],
25 silly audit   '@rollup/rollup-openbsd-x64': [ '4.57.1' ],
25 silly audit   '@rollup/rollup-openharmony-arm64': [ '4.57.1' ],
25 silly audit   '@rollup/rollup-win32-arm64-msvc': [ '4.57.1' ],
25 silly audit   '@rollup/rollup-win32-ia32-msvc': [ '4.57.1' ],
25 silly audit   '@rollup/rollup-win32-x64-gnu': [ '4.57.1' ],
25 silly audit   '@rollup/rollup-win32-x64-msvc': [ '4.57.1' ],
25 silly audit   '@tanstack/query-core': [ '5.90.20' ],
25 silly audit   '@tanstack/react-query': [ '5.90.20' ],
25 silly audit   '@types/babel__core': [ '7.20.5' ],
25 silly audit   '@types/babel__generator': [ '7.27.0' ],
25 silly audit   '@types/babel__template': [ '7.4.4' ],
25 silly audit   '@types/babel__traverse': [ '7.28.0' ],
25 silly audit   '@types/estree': [ '1.0.8' ],
25 silly audit   '@types/node': [ '25.2.1' ],
25 silly audit   '@types/prop-types': [ '15.7.15' ],
25 silly audit   '@types/react': [ '18.3.28' ],
25 silly audit   '@types/react-dom': [ '18.3.7' ],
25 silly audit   '@ungap/structured-clone': [ '1.3.0' ],
25 silly audit   '@vitejs/plugin-react': [ '4.7.0' ],
25 silly audit   '@rolldown/pluginutils': [ '1.0.0-beta.27' ],
25 silly audit   acorn: [ '8.15.0' ],
25 silly audit   'acorn-jsx': [ '5.3.2' ],
25 silly audit   ajv: [ '6.12.6' ],
25 silly audit   'ansi-styles': [ '4.3.0', '6.2.3' ],
25 silly audit   'any-promise': [ '1.3.0' ],
25 silly audit   anymatch: [ '3.1.3' ],
25 silly audit   arg: [ '5.0.2' ],
25 silly audit   argparse: [ '2.0.1' ],
25 silly audit   asynckit: [ '0.4.0' ],
25 silly audit   autoprefixer: [ '10.4.21' ],
25 silly audit   axios: [ '1.13.4' ],
25 silly audit   'balanced-match': [ '1.0.2' ],
25 silly audit   'baseline-browser-mapping': [ '2.8.19' ],
25 silly audit   'binary-extensions': [ '2.3.0' ],
25 silly audit   'brace-expansion': [ '1.1.12', '2.0.2' ],
25 silly audit   braces: [ '3.0.3' ],
25 silly audit   browserslist: [ '4.27.0' ],
25 silly audit   'call-bind-apply-helpers': [ '1.0.2' ],
25 silly audit   callsites: [ '3.1.0' ],
25 silly audit   'camelcase-css': [ '2.0.1' ],
25 silly audit   'caniuse-lite': [ '1.0.30001751' ],
25 silly audit   chalk: [ '4.1.2' ],
25 silly audit   'chart.js': [ '4.5.1' ],
25 silly audit   chokidar: [ '3.6.0' ],
25 silly audit   'glob-parent': [ '5.1.2', '6.0.2' ],
25 silly audit   clsx: [ '2.1.1' ],
25 silly audit   'color-convert': [ '2.0.1' ],
25 silly audit   'color-name': [ '1.1.4' ],
25 silly audit   'combined-stream': [ '1.0.8' ],
25 silly audit   commander: [ '4.1.1' ],
25 silly audit   'concat-map': [ '0.0.1' ],
25 silly audit   'convert-source-map': [ '2.0.0' ],
25 silly audit   'cross-spawn': [ '7.0.6' ],
25 silly audit   cssesc: [ '3.0.0' ],
25 silly audit   csstype: [ '3.2.3' ],
25 silly audit   debug: [ '4.4.1' ],
25 silly audit   'deep-is': [ '0.1.4' ],
25 silly audit   'delayed-stream': [ '1.0.0' ],
25 silly audit   didyoumean: [ '1.2.2' ],
25 silly audit   dlv: [ '1.1.3' ],
25 silly audit   doctrine: [ '3.0.0' ],
25 silly audit   'dunder-proto': [ '1.0.1' ],
25 silly audit   eastasianwidth: [ '0.2.0' ],
25 silly audit   'electron-to-chromium': [ '1.5.239' ],
25 silly audit   'emoji-picker-react': [ '4.18.0' ],
25 silly audit   'emoji-regex': [ '9.2.2', '8.0.0' ],
25 silly audit   'es-define-property': [ '1.0.1' ],
25 silly audit   'es-errors': [ '1.3.0' ],
25 silly audit   'es-object-atoms': [ '1.1.1' ],
25 silly audit   'es-set-tostringtag': [ '2.1.0' ],
25 silly audit   esbuild: [ '0.21.5' ],
25 silly audit   escalade: [ '3.2.0' ],
25 silly audit   'escape-string-regexp': [ '4.0.0' ],
25 silly audit   eslint: [ '8.57.1' ],
25 silly audit   'eslint-plugin-react-hooks': [ '4.6.2' ],
25 silly audit   'eslint-plugin-react-refresh': [ '0.4.20' ],
25 silly audit   'eslint-scope': [ '7.2.2' ],
25 silly audit   'eslint-visitor-keys': [ '3.4.3' ],
25 silly audit   espree: [ '9.6.1' ],
25 silly audit   esquery: [ '1.6.0' ],
25 silly audit   esrecurse: [ '4.3.0' ],
25 silly audit   estraverse: [ '5.3.0' ],
25 silly audit   esutils: [ '2.0.3' ],
25 silly audit   'fast-deep-equal': [ '3.1.3' ],
25 silly audit   'fast-glob': [ '3.3.3' ],
25 silly audit   'fast-json-stable-stringify': [ '2.1.0' ],
25 silly audit   'fast-levenshtein': [ '2.0.6' ],
25 silly audit   fastq: [ '1.19.1' ],
25 silly audit   'file-entry-cache': [ '6.0.1' ],
25 silly audit   'fill-range': [ '7.1.1' ],
25 silly audit   'find-up': [ '5.0.0' ],
25 silly audit   flairup: [ '1.0.0' ],
25 silly audit   'flat-cache': [ '3.2.0' ],
25 silly audit   flatted: [ '3.3.3' ],
25 silly audit   'follow-redirects': [ '1.15.11' ],
25 silly audit   'foreground-child': [ '3.3.1' ],
25 silly audit   'form-data': [ '4.0.5' ],
25 silly audit   'fraction.js': [ '4.3.7' ],
25 silly audit   'fs.realpath': [ '1.0.0' ],
25 silly audit   fsevents: [ '2.3.3' ],
25 silly audit   'function-bind': [ '1.1.2' ],
25 silly audit   gensync: [ '1.0.0-beta.2' ],
25 silly audit   'get-intrinsic': [ '1.3.0' ],
25 silly audit   'get-proto': [ '1.0.1' ],
25 silly audit   glob: [ '7.2.3', '10.4.5' ],
25 silly audit   globals: [ '13.24.0' ],
25 silly audit   gopd: [ '1.2.0' ],
25 silly audit   graphemer: [ '1.4.0' ],
25 silly audit   'has-flag': [ '4.0.0' ],
25 silly audit   'has-symbols': [ '1.1.0' ],
25 silly audit   'has-tostringtag': [ '1.0.2' ],
25 silly audit   hasown: [ '2.0.2' ],
25 silly audit   ignore: [ '5.3.2' ],
25 silly audit   'import-fresh': [ '3.3.1' ],
25 silly audit   imurmurhash: [ '0.1.4' ],
25 silly audit   inflight: [ '1.0.6' ],
25 silly audit   inherits: [ '2.0.4' ],
25 silly audit   'is-binary-path': [ '2.1.0' ],
25 silly audit   'is-core-module': [ '2.16.1' ],
25 silly audit   'is-extglob': [ '2.1.1' ],
25 silly audit   'is-fullwidth-code-point': [ '3.0.0' ],
25 silly audit   'is-glob': [ '4.0.3' ],
25 silly audit   'is-number': [ '7.0.0' ],
25 silly audit   'is-path-inside': [ '3.0.3' ],
25 silly audit   isexe: [ '2.0.0' ],
25 silly audit   jackspeak: [ '3.4.3' ],
25 silly audit   jiti: [ '1.21.7' ],
25 silly audit   'js-tokens': [ '4.0.0' ],
25 silly audit   'js-yaml': [ '4.1.0' ],
25 silly audit   jsesc: [ '3.1.0' ],
25 silly audit   'json-buffer': [ '3.0.1' ],
25 silly audit   'json-schema-traverse': [ '0.4.1' ],
25 silly audit   'json-stable-stringify-without-jsonify': [ '1.0.1' ],
25 silly audit   json5: [ '2.2.3' ],
25 silly audit   keyv: [ '4.5.4' ],
25 silly audit   levn: [ '0.4.1' ],
25 silly audit   lilconfig: [ '3.1.3' ],
25 silly audit   'lines-and-columns': [ '1.2.4' ],
25 silly audit   'locate-path': [ '6.0.0' ],
25 silly audit   'lodash.merge': [ '4.6.2' ],
25 silly audit   'loose-envify': [ '1.4.0' ],
25 silly audit   'lru-cache': [ '5.1.1', '10.4.3' ],
25 silly audit   'lucide-react': [ '0.290.0' ],
25 silly audit   'math-intrinsics': [ '1.1.0' ],
25 silly audit   merge2: [ '1.4.1' ],
25 silly audit   micromatch: [ '4.0.8' ],
25 silly audit   'mime-db': [ '1.52.0' ],
25 silly audit   'mime-types': [ '2.1.35' ],
25 silly audit   minimatch: [ '3.1.2', '9.0.5' ],
25 silly audit   minipass: [ '7.1.2' ],
25 silly audit   ms: [ '2.1.3' ],
25 silly audit   mz: [ '2.7.0' ],
25 silly audit   nanoid: [ '3.3.11' ],
25 silly audit   'natural-compare': [ '1.4.0' ],
25 silly audit   'node-releases': [ '2.0.26' ],
25 silly audit   'normalize-path': [ '3.0.0' ],
25 silly audit   'normalize-range': [ '0.1.2' ],
25 silly audit   'object-assign': [ '4.1.1' ],
25 silly audit   'object-hash': [ '3.0.0' ],
25 silly audit   once: [ '1.4.0' ],
25 silly audit   optionator: [ '0.9.4' ],
25 silly audit   'p-limit': [ '3.1.0' ],
25 silly audit   'p-locate': [ '5.0.0' ],
25 silly audit   'package-json-from-dist': [ '1.0.1' ],
25 silly audit   'parent-module': [ '1.0.1' ],
25 silly audit   'path-exists': [ '4.0.0' ],
25 silly audit   'path-is-absolute': [ '1.0.1' ],
25 silly audit   'path-key': [ '3.1.1' ],
25 silly audit   'path-parse': [ '1.0.7' ],
25 silly audit   'path-scurry': [ '1.11.1' ],
25 silly audit   picocolors: [ '1.1.1' ],
25 silly audit   picomatch: [ '2.3.1' ],
25 silly audit   pify: [ '2.3.0' ],
25 silly audit   pirates: [ '4.0.7' ],
25 silly audit   postcss: [ '8.5.6' ],
25 silly audit   'postcss-import': [ '15.1.0' ],
25 silly audit   'postcss-js': [ '4.0.1' ],
25 silly audit   'postcss-load-config': [ '6.0.1' ],
25 silly audit   'postcss-nested': [ '6.2.0' ],
25 silly audit   'postcss-selector-parser': [ '6.1.2' ],
25 silly audit   'postcss-value-parser': [ '4.2.0' ],
25 silly audit   'prelude-ls': [ '1.2.1' ],
25 silly audit   'proxy-from-env': [ '1.1.0' ],
25 silly audit   punycode: [ '2.3.1' ],
25 silly audit   'queue-microtask': [ '1.2.3' ],
25 silly audit   react: [ '18.3.1' ],
25 silly audit   'react-chartjs-2': [ '5.3.1' ],
25 silly audit   'react-dom': [ '18.3.1' ],
25 silly audit   'react-refresh': [ '0.17.0' ],
25 silly audit   'react-router': [ '6.30.3' ],
25 silly audit   'react-router-dom': [ '6.30.3' ],
25 silly audit   'read-cache': [ '1.0.0' ],
25 silly audit   readdirp: [ '3.6.0' ],
25 silly audit   resolve: [ '1.22.10' ],
25 silly audit   'resolve-from': [ '4.0.0' ],
25 silly audit   reusify: [ '1.1.0' ],
25 silly audit   rimraf: [ '3.0.2' ],
25 silly audit   rollup: [ '4.57.1' ],
25 silly audit   'run-parallel': [ '1.2.0' ],
25 silly audit   scheduler: [ '0.23.2' ],
25 silly audit   semver: [ '6.3.1' ],
25 silly audit   'shebang-command': [ '2.0.0' ],
25 silly audit   'shebang-regex': [ '3.0.0' ],
25 silly audit   'signal-exit': [ '4.1.0' ],
25 silly audit   'source-map-js': [ '1.2.1' ],
25 silly audit   'string-width': [ '5.1.2', '4.2.3' ],
25 silly audit   'strip-json-comments': [ '3.1.1' ],
25 silly audit   sucrase: [ '3.35.0' ],
25 silly audit   'supports-color': [ '7.2.0' ],
25 silly audit   'supports-preserve-symlinks-flag': [ '1.0.0' ],
25 silly audit   'tailwind-merge': [ '2.6.1' ],
25 silly audit   tailwindcss: [ '3.4.19' ],
25 silly audit   'text-table': [ '0.2.0' ],
25 silly audit   thenify: [ '3.3.1' ],
25 silly audit   'thenify-all': [ '1.6.0' ],
25 silly audit   'to-regex-range': [ '5.0.1' ],
25 silly audit   'ts-interface-checker': [ '0.1.13' ],
25 silly audit   tslib: [ '2.8.1' ],
25 silly audit   'type-check': [ '0.4.0' ],
25 silly audit   'type-fest': [ '0.20.2' ],
25 silly audit   typescript: [ '5.9.2' ],
25 silly audit   'undici-types': [ '7.16.0' ],
25 silly audit   'update-browserslist-db': [ '1.1.4' ],
25 silly audit   'uri-js': [ '4.4.1' ],
25 silly audit   'util-deprecate': [ '1.0.2' ],
25 silly audit   vite: [ '5.4.21' ],
25 silly audit   which: [ '2.0.2' ],
25 silly audit   'word-wrap': [ '1.2.5' ],
25 silly audit   'wrap-ansi': [ '8.1.0', '7.0.0' ],
25 silly audit   wrappy: [ '1.0.2' ],
25 silly audit   yallist: [ '3.1.1' ],
25 silly audit   'yocto-queue': [ '0.1.0' ],
25 silly audit   '@capacitor/local-notifications': [ '8.0.2' ]
25 silly audit }
26 http cache @capacitor/local-notifications@https://registry.npmjs.org/@capacitor/local-notifications/-/local-notifications-8.0.2.tgz 0ms (cache hit)
27 silly tarball no local data for @capacitor/local-notifications@https://registry.npmjs.org/@capacitor/local-notifications/-/local-notifications-8.0.2.tgz. Extracting by manifest.
28 http fetch POST 200 https://registry.npmjs.org/-/npm/v1/security/advisories/bulk 1071ms
29 silly audit report {
29 silly audit report   ajv: [
29 silly audit report     {
29 silly audit report       id: 1113714,
29 silly audit report       url: 'https://github.com/advisories/GHSA-2g4f-4pwh-qvx6',
29 silly audit report       title: 'ajv has ReDoS when using `$data` option',
29 silly audit report       severity: 'moderate',
29 silly audit report       vulnerable_versions: '<6.14.0',
29 silly audit report       cwe: [Array],
29 silly audit report       cvss: [Object]
29 silly audit report     }
29 silly audit report   ],
29 silly audit report   axios: [
29 silly audit report     {
29 silly audit report       id: 1113275,
29 silly audit report       url: 'https://github.com/advisories/GHSA-43fc-jf86-j433',
29 silly audit report       title: 'Axios is Vulnerable to Denial of Service via __proto__ Key in mergeConfig',
29 silly audit report       severity: 'high',
29 silly audit report       vulnerable_versions: '>=1.0.0 <=1.13.4',
29 silly audit report       cwe: [Array],
29 silly audit report       cvss: [Object]
29 silly audit report     }
29 silly audit report   ],
29 silly audit report   esbuild: [
29 silly audit report     {
29 silly audit report       id: 1102341,
29 silly audit report       url: 'https://github.com/advisories/GHSA-67mh-4wv8-2f99',
29 silly audit report       title: 'esbuild enables any website to send any requests to the development server and read the response',
29 silly audit report       severity: 'moderate',
29 silly audit report       vulnerable_versions: '<=0.24.2',
29 silly audit report       cwe: [Array],
29 silly audit report       cvss: [Object]
29 silly audit report     }
29 silly audit report   ],
29 silly audit report   flatted: [
29 silly audit report     {
29 silly audit report       id: 1114526,
29 silly audit report       url: 'https://github.com/advisories/GHSA-25h7-pfq9-p65f',
29 silly audit report       title: 'flatted vulnerable to unbounded recursion DoS in parse() revive phase',
29 silly audit report       severity: 'high',
29 silly audit report       vulnerable_versions: '<3.4.0',
29 silly audit report       cwe: [Array],
29 silly audit report       cvss: [Object]
29 silly audit report     }
29 silly audit report   ],
29 silly audit report   glob: [
29 silly audit report     {
29 silly audit report       id: 1109842,
29 silly audit report       url: 'https://github.com/advisories/GHSA-5j98-mcp5-4vw2',
29 silly audit report       title: 'glob CLI: Command injection via -c/--cmd executes matches with shell:true',
29 silly audit report       severity: 'high',
29 silly audit report       vulnerable_versions: '>=10.2.0 <10.5.0',
29 silly audit report       cwe: [Array],
29 silly audit report       cvss: [Object]
29 silly audit report     }
29 silly audit report   ],
29 silly audit report   'js-yaml': [
29 silly audit report     {
29 silly audit report       id: 1112715,
29 silly audit report       url: 'https://github.com/advisories/GHSA-mh29-5h37-fv8m',
29 silly audit report       title: 'js-yaml has prototype pollution in merge (<<)',
29 silly audit report       severity: 'moderate',
29 silly audit report       vulnerable_versions: '>=4.0.0 <4.1.1',
29 silly audit report       cwe: [Array],
29 silly audit report       cvss: [Object]
29 silly audit report     }
29 silly audit report   ],
29 silly audit report   minimatch: [
29 silly audit report     {
29 silly audit report       id: 1113459,
29 silly audit report       url: 'https://github.com/advisories/GHSA-3ppc-4f35-3m26',
29 silly audit report       title: 'minimatch has a ReDoS via repeated wildcards with non-matching literal in pattern',
29 silly audit report       severity: 'high',
29 silly audit report       vulnerable_versions: '<3.1.3',
29 silly audit report       cwe: [Array],
29 silly audit report       cvss: [Object]
29 silly audit report     },
29 silly audit report     {
29 silly audit report       id: 1113465,
29 silly audit report       url: 'https://github.com/advisories/GHSA-3ppc-4f35-3m26',
29 silly audit report       title: 'minimatch has a ReDoS via repeated wildcards with non-matching literal in pattern',
29 silly audit report       severity: 'high',
29 silly audit report       vulnerable_versions: '>=9.0.0 <9.0.6',
29 silly audit report       cwe: [Array],
29 silly audit report       cvss: [Object]
29 silly audit report     },
29 silly audit report     {
29 silly audit report       id: 1113538,
29 silly audit report       url: 'https://github.com/advisories/GHSA-7r86-cg39-jmmj',
29 silly audit report       title: 'minimatch has ReDoS: matchOne() combinatorial backtracking via multiple non-adjacent GLOBSTAR segments',
29 silly audit report       severity: 'high',
29 silly audit report       vulnerable_versions: '<3.1.3',
29 silly audit report       cwe: [Array],
29 silly audit report       cvss: [Object]
29 silly audit report     },
29 silly audit report     {
29 silly audit report       id: 1113544,
29 silly audit report       url: 'https://github.com/advisories/GHSA-7r86-cg39-jmmj',
29 silly audit report       title: 'minimatch has ReDoS: matchOne() combinatorial backtracking via multiple non-adjacent GLOBSTAR segments',
29 silly audit report       severity: 'high',
29 silly audit report       vulnerable_versions: '>=9.0.0 <9.0.7',
29 silly audit report       cwe: [Array],
29 silly audit report       cvss: [Object]
29 silly audit report     },
29 silly audit report     {
29 silly audit report       id: 1113546,
29 silly audit report       url: 'https://github.com/advisories/GHSA-23c5-xmqv-rm74',
29 silly audit report       title: 'minimatch ReDoS: nested *() extglobs generate catastrophically backtracking regular expressions',
29 silly audit report       severity: 'high',
29 silly audit report       vulnerable_versions: '<3.1.4',
29 silly audit report       cwe: [Array],
29 silly audit report       cvss: [Object]
29 silly audit report     },
29 silly audit report     {
29 silly audit report       id: 1113552,
29 silly audit report       url: 'https://github.com/advisories/GHSA-23c5-xmqv-rm74',
29 silly audit report       title: 'minimatch ReDoS: nested *() extglobs generate catastrophically backtracking regular expressions',
29 silly audit report       severity: 'high',
29 silly audit report       vulnerable_versions: '>=9.0.0 <9.0.7',
29 silly audit report       cwe: [Array],
29 silly audit report       cvss: [Object]
29 silly audit report     }
29 silly audit report   ],
29 silly audit report   rollup: [
29 silly audit report     {
29 silly audit report       id: 1113515,
29 silly audit report       url: 'https://github.com/advisories/GHSA-mw96-cpmx-2vgc',
29 silly audit report       title: 'Rollup 4 has Arbitrary File Write via Path Traversal',
29 silly audit report       severity: 'high',
29 silly audit report       vulnerable_versions: '>=4.0.0 <4.59.0',
29 silly audit report       cwe: [Array],
29 silly audit report       cvss: [Object]
29 silly audit report     }
29 silly audit report   ]
29 silly audit report }
30 silly packumentCache corgi:https://registry.npmjs.org/ajv cache-miss
31 silly packumentCache corgi:https://registry.npmjs.org/axios cache-miss
32 silly packumentCache corgi:https://registry.npmjs.org/esbuild cache-miss
33 silly packumentCache corgi:https://registry.npmjs.org/flatted cache-miss
34 silly packumentCache corgi:https://registry.npmjs.org/glob cache-miss
35 silly packumentCache corgi:https://registry.npmjs.org/js-yaml cache-miss
36 silly packumentCache corgi:https://registry.npmjs.org/minimatch cache-miss
37 silly packumentCache corgi:https://registry.npmjs.org/rollup cache-miss
38 http fetch GET 200 https://registry.npmjs.org/ajv 454ms (cache miss)
39 silly packumentCache corgi:https://registry.npmjs.org/ajv set size:undefined disposed:false
40 http fetch GET 200 https://registry.npmjs.org/js-yaml 594ms (cache miss)
41 silly packumentCache corgi:https://registry.npmjs.org/js-yaml set size:undefined disposed:false
42 http fetch GET 200 https://registry.npmjs.org/flatted 792ms (cache miss)
43 silly packumentCache corgi:https://registry.npmjs.org/flatted set size:undefined disposed:false
44 http fetch GET 200 https://registry.npmjs.org/axios 811ms (cache miss)
45 silly packumentCache corgi:https://registry.npmjs.org/axios set size:undefined disposed:false
46 http fetch GET 200 https://registry.npmjs.org/glob 927ms (cache miss)
47 silly packumentCache corgi:https://registry.npmjs.org/glob set size:undefined disposed:false
48 http fetch GET 200 https://registry.npmjs.org/minimatch 939ms (cache miss)
49 silly packumentCache corgi:https://registry.npmjs.org/minimatch set size:undefined disposed:false
50 http fetch GET 200 https://registry.npmjs.org/esbuild 1085ms (cache miss)
51 silly packumentCache corgi:https://registry.npmjs.org/esbuild set size:undefined disposed:false
52 http fetch GET 200 https://registry.npmjs.org/rollup 1244ms (cache miss)
53 silly packumentCache corgi:https://registry.npmjs.org/rollup set size:undefined disposed:false
54 silly packumentCache corgi:https://registry.npmjs.org/@eslint%2feslintrc cache-miss
55 silly packumentCache corgi:https://registry.npmjs.org/eslint cache-miss
56 http fetch GET 200 https://registry.npmjs.org/@capacitor/local-notifications/-/local-notifications-8.0.2.tgz 2463ms (cache miss)
57 http fetch GET 200 https://registry.npmjs.org/@eslint%2feslintrc 586ms (cache miss)
58 silly packumentCache corgi:https://registry.npmjs.org/@eslint%2feslintrc set size:undefined disposed:false
59 http fetch GET 200 https://registry.npmjs.org/eslint 745ms (cache miss)
60 silly packumentCache corgi:https://registry.npmjs.org/eslint set size:undefined disposed:false
61 silly packumentCache corgi:https://registry.npmjs.org/vite cache-miss
62 http fetch GET 200 https://registry.npmjs.org/vite 646ms (cache miss)
63 silly packumentCache corgi:https://registry.npmjs.org/vite set size:undefined disposed:false
64 silly packumentCache corgi:https://registry.npmjs.org/flat-cache cache-miss
65 http fetch GET 200 https://registry.npmjs.org/flat-cache 178ms (cache miss)
66 silly packumentCache corgi:https://registry.npmjs.org/flat-cache set size:undefined disposed:false
67 silly packumentCache corgi:https://registry.npmjs.org/sucrase cache-miss
68 http fetch GET 200 https://registry.npmjs.org/sucrase 226ms (cache miss)
69 silly packumentCache corgi:https://registry.npmjs.org/sucrase set size:undefined disposed:false
70 silly packumentCache corgi:https://registry.npmjs.org/@humanwhocodes%2fconfig-array cache-miss
71 http fetch GET 200 https://registry.npmjs.org/@humanwhocodes%2fconfig-array 287ms (cache miss)
72 silly packumentCache corgi:https://registry.npmjs.org/@humanwhocodes%2fconfig-array set size:undefined disposed:false
73 silly packumentCache corgi:https://registry.npmjs.org/@vitejs%2fplugin-react cache-miss
74 http fetch GET 200 https://registry.npmjs.org/@vitejs%2fplugin-react 204ms (cache miss)
75 silly packumentCache corgi:https://registry.npmjs.org/@vitejs%2fplugin-react set size:undefined disposed:false
76 silly ADD node_modules/@capacitor/local-notifications
77 verbose cwd C:\Users\USER\Documents\Projects\vemrehr\frontend
78 verbose os Windows_NT 10.0.26100
79 verbose node v24.14.0
80 verbose npm  v11.9.0
81 verbose exit 0
82 info ok
